Flow report for P4_JUEGO
Mon Jun 16 18:05:43 2025
Quartus Prime Version 23.1std.1 Build 993 05/14/2024 SC Lite Edition


---------------------
; Table of Contents ;
---------------------
  1. Legal Notice
  2. Flow Summary
  3. Flow Settings
  4. Flow Non-Default Global Settings
  5. Flow Elapsed Time
  6. Flow OS Summary
  7. Flow Log
  8. Flow Messages
  9. Flow Suppressed Messages



----------------
; Legal Notice ;
----------------
Copyright (C) 2024  Intel Corporation. All rights reserved.
Your use of Intel Corporation's design tools, logic functions 
and other software and tools, and any partner logic 
functions, and any output files from any of the foregoing 
(including device programming or simulation files), and any 
associated documentation or information are expressly subject 
to the terms and conditions of the Intel Program License 
Subscription Agreement, the Intel Quartus Prime License Agreement,
the Intel FPGA IP License Agreement, or other applicable license
agreement, including, without limitation, that your use is for
the sole purpose of programming logic devices manufactured by
Intel and sold by Intel or its authorized distributors.  Please
refer to the applicable agreement for further details, at
https://fpgasoftware.intel.com/eula.



+-------------------------------------------------------------------------------------+
; Flow Summary                                                                        ;
+------------------------------------+------------------------------------------------+
; Flow Status                        ; Successful - Mon Jun 16 18:05:43 2025          ;
; Quartus Prime Version              ; 23.1std.1 Build 993 05/14/2024 SC Lite Edition ;
; Revision Name                      ; P4_JUEGO                                       ;
; Top-level Entity Name              ; main                                           ;
; Family                             ; MAX 10                                         ;
; Device                             ; 10M50DAF484C7G                                 ;
; Timing Models                      ; Final                                          ;
; Total logic elements               ; 970 / 49,760 ( 2 % )                           ;
;     Total combinational functions  ; 966 / 49,760 ( 2 % )                           ;
;     Dedicated logic registers      ; 72 / 49,760 ( < 1 % )                          ;
; Total registers                    ; 72                                             ;
; Total pins                         ; 17 / 360 ( 5 % )                               ;
; Total virtual pins                 ; 0                                              ;
; Total memory bits                  ; 0 / 1,677,312 ( 0 % )                          ;
; Embedded Multiplier 9-bit elements ; 0 / 288 ( 0 % )                                ;
; Total PLLs                         ; 0 / 4 ( 0 % )                                  ;
; UFM blocks                         ; 0 / 1 ( 0 % )                                  ;
; ADC blocks                         ; 0 / 2 ( 0 % )                                  ;
+------------------------------------+------------------------------------------------+


+-----------------------------------------+
; Flow Settings                           ;
+-------------------+---------------------+
; Option            ; Setting             ;
+-------------------+---------------------+
; Start date & time ; 06/16/2025 18:05:15 ;
; Main task         ; Compilation         ;
; Revision Name     ; P4_JUEGO            ;
+-------------------+---------------------+


+------------------------------------------------------------------------------------------------------------------------------------------------+
; Flow Non-Default Global Settings                                                                                                               ;
+-------------------------------------+----------------------------------------+---------------+-------------+-----------------------------------+
; Assignment Name                     ; Value                                  ; Default Value ; Entity Name ; Section Id                        ;
+-------------------------------------+----------------------------------------+---------------+-------------+-----------------------------------+
; COMPILER_SIGNATURE_ID               ; 123861701018113.175011511524992        ; --            ; --          ; --                                ;
; EDA_GENERATE_FUNCTIONAL_NETLIST     ; Off                                    ; --            ; --          ; eda_board_design_timing           ;
; EDA_GENERATE_FUNCTIONAL_NETLIST     ; Off                                    ; --            ; --          ; eda_board_design_boundary_scan    ;
; EDA_GENERATE_FUNCTIONAL_NETLIST     ; Off                                    ; --            ; --          ; eda_board_design_signal_integrity ;
; EDA_GENERATE_FUNCTIONAL_NETLIST     ; Off                                    ; --            ; --          ; eda_board_design_symbol           ;
; EDA_OUTPUT_DATA_FORMAT              ; Systemverilog Hdl                      ; --            ; --          ; eda_simulation                    ;
; EDA_SIMULATION_TOOL                 ; Questa Intel FPGA (SystemVerilog)      ; <None>        ; --          ; --                                ;
; EDA_TIME_SCALE                      ; 1 ps                                   ; --            ; --          ; eda_simulation                    ;
; MAX_CORE_JUNCTION_TEMP              ; 85                                     ; --            ; --          ; --                                ;
; MIN_CORE_JUNCTION_TEMP              ; 0                                      ; --            ; --          ; --                                ;
; PARTITION_COLOR                     ; -- (Not supported for targeted family) ; --            ; main        ; Top                               ;
; PARTITION_FITTER_PRESERVATION_LEVEL ; -- (Not supported for targeted family) ; --            ; main        ; Top                               ;
; PARTITION_NETLIST_TYPE              ; -- (Not supported for targeted family) ; --            ; main        ; Top                               ;
; PROJECT_OUTPUT_DIRECTORY            ; output_files                           ; --            ; --          ; --                                ;
; TOP_LEVEL_ENTITY                    ; main                                   ; P4_JUEGO      ; --          ; --                                ;
+-------------------------------------+----------------------------------------+---------------+-------------+-----------------------------------+


+--------------------------------------------------------------------------------------------------------------------------+
; Flow Elapsed Time                                                                                                        ;
+----------------------+--------------+-------------------------+---------------------+------------------------------------+
; Module Name          ; Elapsed Time ; Average Processors Used ; Peak Virtual Memory ; Total CPU Time (on all processors) ;
+----------------------+--------------+-------------------------+---------------------+------------------------------------+
; Analysis & Synthesis ; 00:00:10     ; 1.0                     ; 4796 MB             ; 00:00:20                           ;
; Fitter               ; 00:00:09     ; 1.1                     ; 5653 MB             ; 00:00:15                           ;
; Assembler            ; 00:00:02     ; 1.0                     ; 4820 MB             ; 00:00:02                           ;
; Timing Analyzer      ; 00:00:02     ; 1.3                     ; 4913 MB             ; 00:00:03                           ;
; EDA Netlist Writer   ; 00:00:01     ; 1.0                     ; 4662 MB             ; 00:00:01                           ;
; Total                ; 00:00:24     ; --                      ; --                  ; 00:00:41                           ;
+----------------------+--------------+-------------------------+---------------------+------------------------------------+


+------------------------------------------------------------------------------------+
; Flow OS Summary                                                                    ;
+----------------------+------------------+------------+------------+----------------+
; Module Name          ; Machine Hostname ; OS Name    ; OS Version ; Processor type ;
+----------------------+------------------+------------+------------+----------------+
; Analysis & Synthesis ; DANIEL-PC        ; Windows 10 ; 10.0       ; x86_64         ;
; Fitter               ; DANIEL-PC        ; Windows 10 ; 10.0       ; x86_64         ;
; Assembler            ; DANIEL-PC        ; Windows 10 ; 10.0       ; x86_64         ;
; Timing Analyzer      ; DANIEL-PC        ; Windows 10 ; 10.0       ; x86_64         ;
; EDA Netlist Writer   ; DANIEL-PC        ; Windows 10 ; 10.0       ; x86_64         ;
+----------------------+------------------+------------+------------+----------------+


------------
; Flow Log ;
------------
quartus_map --read_settings_files=on --write_settings_files=off P4_JUEGO -c P4_JUEGO
quartus_fit --read_settings_files=off --write_settings_files=off P4_JUEGO -c P4_JUEGO
quartus_asm --read_settings_files=off --write_settings_files=off P4_JUEGO -c P4_JUEGO
quartus_sta P4_JUEGO -c P4_JUEGO
quartus_eda --read_settings_files=off --write_settings_files=off P4_JUEGO -c P4_JUEGO



